{"/Users/harley/Documents/CsBe/Modul323/Ab06/src/update.js": {"path":"/Users/harley/Documents/CsBe/Modul323/Ab06/src/update.js","statementMap":{"0":{"start":{"line":1,"column":13},"end":{"line":5,"column":3}},"1":{"start":{"line":8,"column":4},"end":{"line":20,"column":5}},"2":{"start":{"line":10,"column":8},"end":{"line":10,"column":25}},"3":{"start":{"line":12,"column":8},"end":{"line":12,"column":25}},"4":{"start":{"line":14,"column":8},"end":{"line":16,"column":9}},"5":{"start":{"line":15,"column":10},"end":{"line":15,"column":23}},"6":{"start":{"line":17,"column":8},"end":{"line":17,"column":31}},"7":{"start":{"line":19,"column":8},"end":{"line":19,"column":21}},"8":{"start":{"line":23,"column":2},"end":{"line":23,"column":26}},"9":{"start":{"line":24,"column":2},"end":{"line":24,"column":29}}},"fnMap":{"0":{"name":"update","decl":{"start":{"line":7,"column":11},"end":{"line":7,"column":17}},"loc":{"start":{"line":7,"column":37},"end":{"line":21,"column":3}},"line":7}},"branchMap":{"0":{"loc":{"start":{"line":8,"column":4},"end":{"line":20,"column":5}},"type":"switch","locations":[{"start":{"line":9,"column":6},"end":{"line":10,"column":25}},{"start":{"line":11,"column":6},"end":{"line":12,"column":25}},{"start":{"line":13,"column":6},"end":{"line":17,"column":31}},{"start":{"line":18,"column":6},"end":{"line":19,"column":21}}],"line":8},"1":{"loc":{"start":{"line":14,"column":8},"end":{"line":16,"column":9}},"type":"if","locations":[{"start":{"line":14,"column":8},"end":{"line":16,"column":9}},{"start":{},"end":{}}],"line":14}},"s":{"0":2,"1":5,"2":1,"3":1,"4":2,"5":1,"6":1,"7":1,"8":2,"9":2},"f":{"0":5},"b":{"0":[1,1,2,1],"1":[1,1]},"_coverageSchema":"1a1c01bbd47fc00a2c39e90264f33305004495a9","hash":"fa5c4df49ab1b119b08c9fd5f9b500b165d3d21c"}
,"/Users/harley/Documents/CsBe/Modul323/Ab06/src/view.js": {"path":"/Users/harley/Documents/CsBe/Modul323/Ab06/src/view.js","statementMap":{"0":{"start":{"line":1,"column":11},"end":{"line":1,"column":41}},"1":{"start":{"line":2,"column":14},"end":{"line":2,"column":36}},"2":{"start":{"line":3,"column":31},"end":{"line":3,"column":36}},"3":{"start":{"line":4,"column":13},"end":{"line":4,"column":37}},"4":{"start":{"line":7,"column":19},"end":{"line":7,"column":89}},"5":{"start":{"line":9,"column":2},"end":{"line":19,"column":5}},"6":{"start":{"line":12,"column":51},"end":{"line":12,"column":69}},"7":{"start":{"line":13,"column":51},"end":{"line":13,"column":74}},"8":{"start":{"line":17,"column":87},"end":{"line":17,"column":124}},"9":{"start":{"line":22,"column":0},"end":{"line":22,"column":22}}},"fnMap":{"0":{"name":"view","decl":{"start":{"line":6,"column":9},"end":{"line":6,"column":13}},"loc":{"start":{"line":6,"column":31},"end":{"line":20,"column":1}},"line":6},"1":{"name":"(anonymous_1)","decl":{"start":{"line":12,"column":45},"end":{"line":12,"column":46}},"loc":{"start":{"line":12,"column":51},"end":{"line":12,"column":69}},"line":12},"2":{"name":"(anonymous_2)","decl":{"start":{"line":13,"column":45},"end":{"line":13,"column":46}},"loc":{"start":{"line":13,"column":51},"end":{"line":13,"column":74}},"line":13},"3":{"name":"(anonymous_3)","decl":{"start":{"line":17,"column":80},"end":{"line":17,"column":81}},"loc":{"start":{"line":17,"column":87},"end":{"line":17,"column":124}},"line":17}},"branchMap":{},"s":{"0":1,"1":1,"2":1,"3":1,"4":4,"5":4,"6":1,"7":1,"8":1,"9":1},"f":{"0":4,"1":1,"2":1,"3":1},"b":{},"_coverageSchema":"1a1c01bbd47fc00a2c39e90264f33305004495a9","hash":"e36f75fc09f6a37729e7d0f5e453dc7ceedbaff0"}
}
